/home/hsw/esp/idf/esp-matter/connectedhomeip/connectedhomeip
Executing action: all (aliases: build)
Running ninja in directory /home/hsw/esp/idf/esp-matter/connectedhomeip/connectedhomeip/examples/mymatter/esp32/build
Executing "ninja all"...
[1/1] cd /home/hsw/esp/idf/esp-matter/connectedhomeip/connectedho...tedhomeip/examples/mymatter/esp32/build/bootloader/bootloader.bin
Bootloader binary size 0x5160 bytes. 0x2ea0 bytes (36%) free.
[5/13] Performing build step for 'chip_gn'
ninja: no work to do.
[8/13] Building CXX object esp-idf/main/CMakeFiles/__idf_main.dir/main.cpp.obj
FAILED: [code=1] esp-idf/main/CMakeFiles/__idf_main.dir/main.cpp.obj 
/home/hsw/.espressif/tools/riscv32-esp-elf/esp-14.2.0_20241119/riscv32-esp-elf/bin/riscv32-esp-elf-g++ -DESP_MDNS_VERSION_NUMBER=\"1.8.2\" -DESP_PLATFORM -DIDF_VER=\"v5.4.2-270-gf10ac3eec2\" -DMBEDTLS_CONFIG_FILE=\"mbedtls/esp_config.h\" -DMD5_ENABLED=1 -DSERIAL_FLASHER_BOOT_HOLD_TIME_MS=50 -DSERIAL_FLASHER_RESET_HOLD_TIME_MS=100 -DSOC_MMU_PAGE_SIZE=CONFIG_MMU_PAGE_SIZE -DSOC_XTAL_FREQ_MHZ=CONFIG_XTAL_FREQ -DUNITY_INCLUDE_CONFIG_H -D_GLIBCXX_HAVE_POSIX_SEMAPHORE -D_GLIBCXX_USE_POSIX_SEMAPHORE -D_GNU_SOURCE -D_POSIX_READER_WRITER_LOCKS -I/home/hsw/esp/idf/esp-matter/connectedhomeip/connectedhomeip/examples/mymatter/esp32/build/config -I/home/hsw/esp/idf/esp-matter/connectedhomeip/connectedhomeip/examples/mymatter/esp32/main/include -I/home/hsw/esp/idf/esp-matter/connectedhomeip/connectedhomeip/examples/providers -I/home/hsw/esp/idf/esp-matter/connectedhomeip/connectedhomeip/examples/mymatter/bridge-common/include -I/home/hsw/esp/idf/esp-matter/connectedhomeip/connectedhomeip/examples/mymatter/esp32/build/gen/__idf_main-codegen/cpp-app -I/home/hsw/esp/idf/esp-matter/connectedhomeip/connectedhomeip/examples/mymatter/esp32/build/gen/__idf_main-zapgen/zapgen/app-templates -I/home/hsw/esp/idf/esp-matter/connectedhomeip/connectedhomeip/src/app/zzz_generated -I/home/hsw/esp/idf/esp-idf/components/newlib/platform_include -I/home/hsw/esp/idf/esp-idf/components/freertos/config/include -I/home/hsw/esp/idf/esp-idf/components/freertos/config/include/freertos -I/home/hsw/esp/idf/esp-idf/components/freertos/config/riscv/include -I/home/hsw/esp/idf/esp-idf/components/freertos/FreeRTOS-Kernel/include -I/home/hsw/esp/idf/esp-idf/components/freertos/FreeRTOS-Kernel/portable/riscv/include -I/home/hsw/esp/idf/esp-idf/components/freertos/FreeRTOS-Kernel/portable/riscv/include/freertos -I/home/hsw/esp/idf/esp-idf/components/freertos/esp_additions/include -I/home/hsw/esp/idf/esp-idf/components/esp_hw_support/include -I/home/hsw/esp/idf/esp-idf/components/esp_hw_support/include/soc -I/home/hsw/esp/idf/esp-idf/components/esp_hw_support/include/soc/esp32c3 -I/home/hsw/esp/idf/esp-idf/components/esp_hw_support/dma/include -I/home/hsw/esp/idf/esp-idf/components/esp_hw_support/ldo/include -I/home/hsw/esp/idf/esp-idf/components/esp_hw_support/debug_probe/include -I/home/hsw/esp/idf/esp-idf/components/esp_hw_support/port/esp32c3/. -I/home/hsw/esp/idf/esp-idf/components/esp_hw_support/port/esp32c3/include -I/home/hsw/esp/idf/esp-idf/components/heap/include -I/home/hsw/esp/idf/esp-idf/components/heap/tlsf -I/home/hsw/esp/idf/esp-idf/components/log/include -I/home/hsw/esp/idf/esp-idf/components/soc/include -I/home/hsw/esp/idf/esp-idf/components/soc/esp32c3 -I/home/hsw/esp/idf/esp-idf/components/soc/esp32c3/include -I/home/hsw/esp/idf/esp-idf/components/soc/esp32c3/register -I/home/hsw/esp/idf/esp-idf/components/hal/platform_port/include -I/home/hsw/esp/idf/esp-idf/components/hal/esp32c3/include -I/home/hsw/esp/idf/esp-idf/components/hal/include -I/home/hsw/esp/idf/esp-idf/components/esp_rom/include -I/home/hsw/esp/idf/esp-idf/components/esp_rom/esp32c3/include -I/home/hsw/esp/idf/esp-idf/components/esp_rom/esp32c3/include/esp32c3 -I/home/hsw/esp/idf/esp-idf/components/esp_rom/esp32c3 -I/home/hsw/esp/idf/esp-idf/components/esp_common/include -I/home/hsw/esp/idf/esp-idf/components/esp_system/include -I/home/hsw/esp/idf/esp-idf/components/esp_system/port/soc -I/home/hsw/esp/idf/esp-idf/components/esp_system/port/include/riscv -I/home/hsw/esp/idf/esp-idf/components/esp_system/port/include/private -I/home/hsw/esp/idf/esp-idf/components/riscv/include -I/home/hsw/esp/idf/esp-idf/components/lwip/include -I/home/hsw/esp/idf/esp-idf/components/lwip/include/apps -I/home/hsw/esp/idf/esp-idf/components/lwip/include/apps/sntp -I/home/hsw/esp/idf/esp-idf/components/lwip/lwip/src/include -I/home/hsw/esp/idf/esp-idf/components/lwip/port/include -I/home/hsw/esp/idf/esp-idf/components/lwip/port/freertos/include -I/home/hsw/esp/idf/esp-idf/components/lwip/port/esp32xx/include -I/home/hsw/esp/idf/esp-idf/components/lwip/port/esp32xx/include/arch -I/home/hsw/esp/idf/esp-idf/components/lwip/port/esp32xx/include/sys -I/home/hsw/esp/idf/esp-idf/components/esp_driver_gpio/include -I/home/hsw/esp/idf/esp-idf/components/esp_pm/include -I/home/hsw/esp/idf/esp-idf/components/mbedtls/port/include -I/home/hsw/esp/idf/esp-idf/components/mbedtls/mbedtls/include -I/home/hsw/esp/idf/esp-idf/components/mbedtls/mbedtls/library -I/home/hsw/esp/idf/esp-idf/components/mbedtls/esp_crt_bundle/include -I/home/hsw/esp/idf/esp-idf/components/mbedtls/mbedtls/3rdparty/everest/include -I/home/hsw/esp/idf/esp-idf/components/mbedtls/mbedtls/3rdparty/p256-m -I/home/hsw/esp/idf/esp-idf/components/mbedtls/mbedtls/3rdparty/p256-m/p256-m -I/home/hsw/esp/idf/esp-idf/components/esp_app_format/include -I/home/hsw/esp/idf/esp-idf/components/esp_bootloader_format/include -I/home/hsw/esp/idf/esp-idf/components/app_update/include -I/home/hsw/esp/idf/esp-idf/components/bootloader_support/include -I/home/hsw/esp/idf/esp-idf/components/bootloader_support/bootloader_flash/include -I/home/hsw/esp/idf/esp-idf/components/esp_partition/include -I/home/hsw/esp/idf/esp-idf/components/efuse/include -I/home/hsw/esp/idf/esp-idf/components/efuse/esp32c3/include -I/home/hsw/esp/idf/esp-idf/components/esp_mm/include -I/home/hsw/esp/idf/esp-idf/components/spi_flash/include -I/home/hsw/esp/idf/esp-idf/components/esp_security/include -I/home/hsw/esp/idf/esp-idf/components/pthread/include -I/home/hsw/esp/idf/esp-idf/components/esp_timer/include -I/home/hsw/esp/idf/esp-idf/components/esp_driver_gptimer/include -I/home/hsw/esp/idf/esp-idf/components/esp_ringbuf/include -I/home/hsw/esp/idf/esp-idf/components/esp_driver_uart/include -I/home/hsw/esp/idf/esp-idf/components/vfs/include -I/home/hsw/esp/idf/esp-idf/components/app_trace/include -I/home/hsw/esp/idf/esp-idf/components/esp_event/include -I/home/hsw/esp/idf/esp-idf/components/nvs_flash/include -I/home/hsw/esp/idf/esp-idf/components/esp_driver_pcnt/include -I/home/hsw/esp/idf/esp-idf/components/esp_driver_spi/include -I/home/hsw/esp/idf/esp-idf/components/esp_driver_mcpwm/include -I/home/hsw/esp/idf/esp-idf/components/esp_driver_ana_cmpr/include -I/home/hsw/esp/idf/esp-idf/components/esp_driver_i2s/include -I/home/hsw/esp/idf/esp-idf/components/sdmmc/include -I/home/hsw/esp/idf/esp-idf/components/esp_driver_sdmmc/include -I/home/hsw/esp/idf/esp-idf/components/esp_driver_sdspi/include -I/home/hsw/esp/idf/esp-idf/components/esp_driver_sdio/include -I/home/hsw/esp/idf/esp-idf/components/esp_driver_dac/include -I/home/hsw/esp/idf/esp-idf/components/esp_driver_rmt/include -I/home/hsw/esp/idf/esp-idf/components/esp_driver_tsens/include -I/home/hsw/esp/idf/esp-idf/components/esp_driver_sdm/include -I/home/hsw/esp/idf/esp-idf/components/esp_driver_i2c/include -I/home/hsw/esp/idf/esp-idf/components/esp_driver_ledc/include -I/home/hsw/esp/idf/esp-idf/components/esp_driver_parlio/include -I/home/hsw/esp/idf/esp-idf/components/esp_driver_usb_serial_jtag/include -I/home/hsw/esp/idf/esp-idf/components/driver/deprecated -I/home/hsw/esp/idf/esp-idf/components/driver/i2c/include -I/home/hsw/esp/idf/esp-idf/components/driver/touch_sensor/include -I/home/hsw/esp/idf/esp-idf/components/driver/twai/include -I/home/hsw/esp/idf/esp-idf/components/esp_phy/include -I/home/hsw/esp/idf/esp-idf/components/esp_phy/esp32c3/include -I/home/hsw/esp/idf/esp-idf/components/esp_vfs_console/include -I/home/hsw/esp/idf/esp-idf/components/esp_netif/include -I/home/hsw/esp/idf/esp-idf/components/wpa_supplicant/include -I/home/hsw/esp/idf/esp-idf/components/wpa_supplicant/port/include -I/home/hsw/esp/idf/esp-idf/components/wpa_supplicant/esp_supplicant/include -I/home/hsw/esp/idf/esp-idf/components/esp_coex/include -I/home/hsw/esp/idf/esp-idf/components/esp_wifi/include -I/home/hsw/esp/idf/esp-idf/components/esp_wifi/include/local -I/home/hsw/esp/idf/esp-idf/components/esp_wifi/wifi_apps/include -I/home/hsw/esp/idf/esp-idf/components/esp_wifi/wifi_apps/nan_app/include -I/home/hsw/esp/idf/esp-idf/components/esp_gdbstub/include -I/home/hsw/esp/idf/esp-idf/components/bt/include/esp32c3/include -I/home/hsw/esp/idf/esp-idf/components/bt/common/osi/include -I/home/hsw/esp/idf/esp-idf/components/bt/common/api/include/api -I/home/hsw/esp/idf/esp-idf/components/bt/common/btc/profile/esp/blufi/include -I/home/hsw/esp/idf/esp-idf/components/bt/common/btc/profile/esp/include -I/home/hsw/esp/idf/esp-idf/components/bt/common/hci_log/include -I/home/hsw/esp/idf/esp-idf/components/bt/common/ble_log/include -I/home/hsw/esp/idf/esp-idf/components/bt/host/nimble/nimble/nimble/host/include -I/home/hsw/esp/idf/esp-idf/components/bt/host/nimble/nimble/nimble/include -I/home/hsw/esp/idf/esp-idf/components/bt/host/nimble/nimble/nimble/host/services/ans/include -I/home/hsw/esp/idf/esp-idf/components/bt/host/nimble/nimble/nimble/host/services/bas/include -I/home/hsw/esp/idf/esp-idf/components/bt/host/nimble/nimble/nimble/host/services/dis/include -I/home/hsw/esp/idf/esp-idf/components/bt/host/nimble/nimble/nimble/host/services/gap/include -I/home/hsw/esp/idf/esp-idf/components/bt/host/nimble/nimble/nimble/host/services/gatt/include -I/home/hsw/esp/idf/esp-idf/components/bt/host/nimble/nimble/nimble/host/services/hr/include -I/home/hsw/esp/idf/esp-idf/components/bt/host/nimble/nimble/nimble/host/services/htp/include -I/home/hsw/esp/idf/esp-idf/components/bt/host/nimble/nimble/nimble/host/services/ias/include -I/home/hsw/esp/idf/esp-idf/components/bt/host/nimble/nimble/nimble/host/services/ipss/include -I/home/hsw/esp/idf/esp-idf/components/bt/host/nimble/nimble/nimble/host/services/lls/include -I/home/hsw/esp/idf/esp-idf/components/bt/host/nimble/nimble/nimble/host/services/prox/include -I/home/hsw/esp/idf/esp-idf/components/bt/host/nimble/nimble/nimble/host/services/cts/include -I/home/hsw/esp/idf/esp-idf/components/bt/host/nimble/nimble/nimble/host/services/tps/include -I/home/hsw/esp/idf/esp-idf/components/bt/host/nimble/nimble/nimble/host/services/hid/include -I/home/hsw/esp/idf/esp-idf/components/bt/host/nimble/nimble/nimble/host/services/sps/include -I/home/hsw/esp/idf/esp-idf/components/bt/host/nimble/nimble/nimble/host/services/cte/include -I/home/hsw/esp/idf/esp-idf/components/bt/host/nimble/nimble/nimble/host/util/include -I/home/hsw/esp/idf/esp-idf/components/bt/host/nimble/nimble/nimble/host/store/ram/include -I/home/hsw/esp/idf/esp-idf/components/bt/host/nimble/nimble/nimble/host/store/config/include -I/home/hsw/esp/idf/esp-idf/components/bt/host/nimble/nimble/porting/nimble/include -I/home/hsw/esp/idf/esp-idf/components/bt/host/nimble/port/include -I/home/hsw/esp/idf/esp-idf/components/bt/host/nimble/nimble/nimble/transport/include -I/home/hsw/esp/idf/esp-idf/components/bt/porting/include -I/home/hsw/esp/idf/esp-idf/components/bt/host/nimble/nimble/porting/npl/freertos/include -I/home/hsw/esp/idf/esp-idf/components/bt/host/nimble/esp-hci/include -I/home/hsw/esp/idf/esp-idf/components/unity/include -I/home/hsw/esp/idf/esp-idf/components/unity/unity/src -I/home/hsw/esp/idf/esp-idf/components/cmock/CMock/src -I/home/hsw/esp/idf/esp-idf/components/console -I/home/hsw/esp/idf/esp-idf/components/http_parser -I/home/hsw/esp/idf/esp-idf/components/esp-tls -I/home/hsw/esp/idf/esp-idf/components/esp-tls/esp-tls-crypto -I/home/hsw/esp/idf/esp-idf/components/esp_adc/include -I/home/hsw/esp/idf/esp-idf/components/esp_adc/interface -I/home/hsw/esp/idf/esp-idf/components/esp_adc/esp32c3/include -I/home/hsw/esp/idf/esp-idf/components/esp_adc/deprecated/include -I/home/hsw/esp/idf/esp-idf/components/esp_driver_isp/include -I/home/hsw/esp/idf/esp-idf/components/esp_driver_cam/include -I/home/hsw/esp/idf/esp-idf/components/esp_driver_cam/interface -I/home/hsw/esp/idf/esp-idf/components/esp_psram/include -I/home/hsw/esp/idf/esp-idf/components/esp_driver_jpeg/include -I/home/hsw/esp/idf/esp-idf/components/esp_driver_ppa/include -I/home/hsw/esp/idf/esp-idf/components/esp_eth/include -I/home/hsw/esp/idf/esp-idf/components/esp_hid/include -I/home/hsw/esp/idf/esp-idf/components/tcp_transport/include -I/home/hsw/esp/idf/esp-idf/components/esp_http_client/include -I/home/hsw/esp/idf/esp-idf/components/esp_http_server/include -I/home/hsw/esp/idf/esp-idf/components/esp_https_ota/include -I/home/hsw/esp/idf/esp-idf/components/esp_https_server/include -I/home/hsw/esp/idf/esp-idf/components/esp_lcd/include -I/home/hsw/esp/idf/esp-idf/components/esp_lcd/interface -I/home/hsw/esp/idf/esp-idf/components/protobuf-c/protobuf-c -I/home/hsw/esp/idf/esp-idf/components/protocomm/include/common -I/home/hsw/esp/idf/esp-idf/components/protocomm/include/security -I/home/hsw/esp/idf/esp-idf/components/protocomm/include/transports -I/home/hsw/esp/idf/esp-idf/components/protocomm/include/crypto/srp6a -I/home/hsw/esp/idf/esp-idf/components/protocomm/proto-c -I/home/hsw/esp/idf/esp-idf/components/esp_local_ctrl/include -I/home/hsw/esp/idf/esp-idf/components/espcoredump/include -I/home/hsw/esp/idf/esp-idf/components/espcoredump/include/port/riscv -I/home/hsw/esp/idf/esp-idf/components/wear_levelling/include -I/home/hsw/esp/idf/esp-idf/components/fatfs/diskio -I/home/hsw/esp/idf/esp-idf/components/fatfs/src -I/home/hsw/esp/idf/esp-idf/components/fatfs/vfs -I/home/hsw/esp/idf/esp-idf/components/idf_test/include -I/home/hsw/esp/idf/esp-idf/components/idf_test/include/esp32c3 -I/home/hsw/esp/idf/esp-idf/components/ieee802154/include -I/home/hsw/esp/idf/esp-idf/components/json/cJSON -I/home/hsw/esp/idf/esp-idf/components/mqtt/esp-mqtt/include -I/home/hsw/esp/idf/esp-idf/components/nvs_sec_provider/include -I/home/hsw/esp/idf/esp-idf/components/rt/include -I/home/hsw/esp/idf/esp-idf/components/spiffs/include -I/home/hsw/esp/idf/esp-idf/components/wifi_provisioning/include -I/home/hsw/esp/idf/esp-matter/connectedhomeip/connectedhomeip/examples/mymatter/esp32/managed_components/espressif__esp_delta_ota/include -I/home/hsw/esp/idf/esp-matter/connectedhomeip/connectedhomeip/examples/mymatter/esp32/managed_components/espressif__esp_encrypted_img/include -I/home/hsw/esp/idf/esp-matter/connectedhomeip/connectedhomeip/examples/mymatter/esp32/managed_components/espressif__rmaker_common/include -I/home/hsw/esp/idf/esp-matter/connectedhomeip/connectedhomeip/examples/mymatter/esp32/managed_components/espressif__esp_diagnostics/include -I/home/hsw/esp/idf/esp-matter/connectedhomeip/connectedhomeip/examples/mymatter/esp32/managed_components/espressif__cbor/port/include -I/home/hsw/esp/idf/esp-matter/connectedhomeip/connectedhomeip/examples/mymatter/esp32/managed_components/espressif__esp_diag_data_store/src/rtc_store -I/home/hsw/esp/idf/esp-matter/connectedhomeip/connectedhomeip/examples/mymatter/esp32/managed_components/espressif__esp_diag_data_store/include -I/home/hsw/esp/idf/esp-matter/connectedhomeip/connectedhomeip/examples/mymatter/esp32/managed_components/espressif__esp_insights/include -I/home/hsw/esp/idf/esp-matter/connectedhomeip/connectedhomeip/examples/mymatter/esp32/managed_components/espressif__mdns/include -I/home/hsw/esp/idf/esp-matter/connectedhomeip/connectedhomeip/examples/mymatter/esp32/managed_components/espressif__esp-serial-flasher/include -I/home/hsw/esp/idf/esp-matter/connectedhomeip/connectedhomeip/examples/mymatter/esp32/managed_components/espressif__esp-serial-flasher/port -I/home/hsw/esp/idf/esp-matter/connectedhomeip/connectedhomeip/examples/mymatter/esp32/managed_components/espressif__esp_rcp_update/include -I/home/hsw/esp/idf/esp-matter/connectedhomeip/connectedhomeip/examples/mymatter/esp32/managed_components/espressif__esp_secure_cert_mgr/include -I/home/hsw/esp/idf/esp-matter/connectedhomeip/connectedhomeip/src/platform/ESP32 -I/home/hsw/esp/idf/esp-matter/connectedhomeip/connectedhomeip/src/platform/OpenThread -I/home/hsw/esp/idf/esp-matter/connectedhomeip/connectedhomeip/src/include -I/home/hsw/esp/idf/esp-matter/connectedhomeip/connectedhomeip/src/lib -I/home/hsw/esp/idf/esp-matter/connectedhomeip/connectedhomeip/src -I/home/hsw/esp/idf/esp-matter/connectedhomeip/connectedhomeip/zzz_generated/app-common -I/home/hsw/esp/idf/esp-matter/connectedhomeip/connectedhomeip/examples/platform/esp32 -I/home/hsw/esp/idf/esp-matter/connectedhomeip/connectedhomeip/third_party/nlassert/repo/include -I/home/hsw/esp/idf/esp-matter/connectedhomeip/connectedhomeip/third_party/nlio/repo/include -I/home/hsw/esp/idf/esp-matter/connectedhomeip/connectedhomeip/examples/mymatter/esp32/build/esp-idf/chip/src/include -I/home/hsw/esp/idf/esp-matter/connectedhomeip/connectedhomeip/examples/mymatter/esp32/build/esp-idf/chip/include -I/home/hsw/esp/idf/esp-matter/connectedhomeip/connectedhomeip/examples/mymatter/esp32/build/esp-idf/chip/gen/include -I/home/hsw/esp/idf/esp-matter/connectedhomeip/connectedhomeip/config/esp32 -I/home/hsw/esp/idf/esp-matter/connectedhomeip/connectedhomeip/config/esp32/../.. -I/home/hsw/esp/idf/esp-matter/connectedhomeip/connectedhomeip/examples/mymatter/esp32/third_party/connectedhomeip/examples/common/QRCode/repo/c -march=rv32imc_zicsr_zifencei  -std=gnu++17 -fdiagnostics-color=always -ffunction-sections -fdata-sections -Wall -Werror=all -Wno-error=unused-function -Wno-error=unused-variable -Wno-error=unused-but-set-variable -Wno-error=deprecated-declarations -Wextra -Wno-error=extra -Wno-unused-parameter -Wno-sign-compare -Wno-enum-conversion -gdwarf-4 -ggdb -nostartfiles -Og -fno-shrink-wrap -fmacro-prefix-map=/home/hsw/esp/idf/esp-matter/connectedhomeip/connectedhomeip/examples/mymatter/esp32=. -fmacro-prefix-map=/home/hsw/esp/idf/esp-idf=/IDF -fstrict-volatile-bitfields -fno-jump-tables -fno-tree-switch-conversion -Wno-format-nonliteral -Wno-format-security -Wno-error=maybe-uninitialized -std=gnu++2b -fno-exceptions -fno-rtti -fuse-cxa-atexit -std=gnu++17 -Os -DCHIP_HAVE_CONFIG_H -DCHIP_DEVICE_CONFIG_DYNAMIC_ENDPOINT_COUNT=16 "-DCHIP_ADDRESS_RESOLVE_IMPL_INCLUDE_HEADER=<lib/address_resolve/AddressResolve_DefaultImpl.h>" -MD -MT esp-idf/main/CMakeFiles/__idf_main.dir/main.cpp.obj -MF esp-idf/main/CMakeFiles/__idf_main.dir/main.cpp.obj.d -o esp-idf/main/CMakeFiles/__idf_main.dir/main.cpp.obj -c /home/hsw/esp/idf/esp-matter/connectedhomeip/connectedhomeip/examples/mymatter/esp32/main/main.cpp
In file included from /home/hsw/esp/idf/esp-matter/connectedhomeip/connectedhomeip/examples/mymatter/esp32/main/include/Device.h:19,
                 from /home/hsw/esp/idf/esp-matter/connectedhomeip/connectedhomeip/examples/mymatter/esp32/main/main.cpp:18:
/home/hsw/esp/idf/esp-matter/connectedhomeip/connectedhomeip/src/app/util/attribute-storage.h:52:42: warning: missing initializer for member 'EmberAfCluster::eventList' [-Wmissing-field-initializers]
   52 | #define DECLARE_DYNAMIC_CLUSTER_LIST_END }
      |                                          ^
/home/hsw/esp/idf/esp-matter/connectedhomeip/connectedhomeip/examples/mymatter/esp32/main/main.cpp:180:38: note: in expansion of macro 'DECLARE_DYNAMIC_CLUSTER_LIST_END'
  180 |                             nullptr) DECLARE_DYNAMIC_CLUSTER_LIST_END;
      |                                      ^~~~~~~~~~~~~~~~~~~~~~~~~~~~~~~~
/home/hsw/esp/idf/esp-matter/connectedhomeip/connectedhomeip/src/app/util/attribute-storage.h:52:42: warning: missing initializer for member 'EmberAfCluster::eventCount' [-Wmissing-field-initializers]
   52 | #define DECLARE_DYNAMIC_CLUSTER_LIST_END }
      |                                          ^
/home/hsw/esp/idf/esp-matter/connectedhomeip/connectedhomeip/examples/mymatter/esp32/main/main.cpp:180:38: note: in expansion of macro 'DECLARE_DYNAMIC_CLUSTER_LIST_END'
  180 |                             nullptr) DECLARE_DYNAMIC_CLUSTER_LIST_END;
      |                                      ^~~~~~~~~~~~~~~~~~~~~~~~~~~~~~~~
/home/hsw/esp/idf/esp-matter/connectedhomeip/connectedhomeip/src/app/util/attribute-storage.h:52:42: warning: missing initializer for member 'EmberAfCluster::eventList' [-Wmissing-field-initializers]
   52 | #define DECLARE_DYNAMIC_CLUSTER_LIST_END }
      |                                          ^
/home/hsw/esp/idf/esp-matter/connectedhomeip/connectedhomeip/examples/mymatter/esp32/main/main.cpp:180:38: note: in expansion of macro 'DECLARE_DYNAMIC_CLUSTER_LIST_END'
  180 |                             nullptr) DECLARE_DYNAMIC_CLUSTER_LIST_END;
      |                                      ^~~~~~~~~~~~~~~~~~~~~~~~~~~~~~~~
/home/hsw/esp/idf/esp-matter/connectedhomeip/connectedhomeip/src/app/util/attribute-storage.h:52:42: warning: missing initializer for member 'EmberAfCluster::eventCount' [-Wmissing-field-initializers]
   52 | #define DECLARE_DYNAMIC_CLUSTER_LIST_END }
      |                                          ^
/home/hsw/esp/idf/esp-matter/connectedhomeip/connectedhomeip/examples/mymatter/esp32/main/main.cpp:180:38: note: in expansion of macro 'DECLARE_DYNAMIC_CLUSTER_LIST_END'
  180 |                             nullptr) DECLARE_DYNAMIC_CLUSTER_LIST_END;
      |                                      ^~~~~~~~~~~~~~~~~~~~~~~~~~~~~~~~
/home/hsw/esp/idf/esp-matter/connectedhomeip/connectedhomeip/src/app/util/attribute-storage.h:52:42: warning: missing initializer for member 'EmberAfCluster::eventList' [-Wmissing-field-initializers]
   52 | #define DECLARE_DYNAMIC_CLUSTER_LIST_END }
      |                                          ^
/home/hsw/esp/idf/esp-matter/connectedhomeip/connectedhomeip/examples/mymatter/esp32/main/main.cpp:180:38: note: in expansion of macro 'DECLARE_DYNAMIC_CLUSTER_LIST_END'
  180 |                             nullptr) DECLARE_DYNAMIC_CLUSTER_LIST_END;
      |                                      ^~~~~~~~~~~~~~~~~~~~~~~~~~~~~~~~
/home/hsw/esp/idf/esp-matter/connectedhomeip/connectedhomeip/src/app/util/attribute-storage.h:52:42: warning: missing initializer for member 'EmberAfCluster::eventCount' [-Wmissing-field-initializers]
   52 | #define DECLARE_DYNAMIC_CLUSTER_LIST_END }
      |                                          ^
/home/hsw/esp/idf/esp-matter/connectedhomeip/connectedhomeip/examples/mymatter/esp32/main/main.cpp:180:38: note: in expansion of macro 'DECLARE_DYNAMIC_CLUSTER_LIST_END'
  180 |                             nullptr) DECLARE_DYNAMIC_CLUSTER_LIST_END;
      |                                      ^~~~~~~~~~~~~~~~~~~~~~~~~~~~~~~~
/home/hsw/esp/idf/esp-matter/connectedhomeip/connectedhomeip/src/app/util/attribute-storage.h:52:42: warning: missing initializer for member 'EmberAfCluster::eventList' [-Wmissing-field-initializers]
   52 | #define DECLARE_DYNAMIC_CLUSTER_LIST_END }
      |                                          ^
/home/hsw/esp/idf/esp-matter/connectedhomeip/connectedhomeip/examples/mymatter/esp32/main/main.cpp:188:38: note: in expansion of macro 'DECLARE_DYNAMIC_CLUSTER_LIST_END'
  188 |                             nullptr) DECLARE_DYNAMIC_CLUSTER_LIST_END;
      |                                      ^~~~~~~~~~~~~~~~~~~~~~~~~~~~~~~~
/home/hsw/esp/idf/esp-matter/connectedhomeip/connectedhomeip/src/app/util/attribute-storage.h:52:42: warning: missing initializer for member 'EmberAfCluster::eventCount' [-Wmissing-field-initializers]
   52 | #define DECLARE_DYNAMIC_CLUSTER_LIST_END }
      |                                          ^
/home/hsw/esp/idf/esp-matter/connectedhomeip/connectedhomeip/examples/mymatter/esp32/main/main.cpp:188:38: note: in expansion of macro 'DECLARE_DYNAMIC_CLUSTER_LIST_END'
  188 |                             nullptr) DECLARE_DYNAMIC_CLUSTER_LIST_END;
      |                                      ^~~~~~~~~~~~~~~~~~~~~~~~~~~~~~~~
/home/hsw/esp/idf/esp-matter/connectedhomeip/connectedhomeip/src/app/util/attribute-storage.h:52:42: warning: missing initializer for member 'EmberAfCluster::eventList' [-Wmissing-field-initializers]
   52 | #define DECLARE_DYNAMIC_CLUSTER_LIST_END }
      |                                          ^
/home/hsw/esp/idf/esp-matter/connectedhomeip/connectedhomeip/examples/mymatter/esp32/main/main.cpp:188:38: note: in expansion of macro 'DECLARE_DYNAMIC_CLUSTER_LIST_END'
  188 |                             nullptr) DECLARE_DYNAMIC_CLUSTER_LIST_END;
      |                                      ^~~~~~~~~~~~~~~~~~~~~~~~~~~~~~~~
/home/hsw/esp/idf/esp-matter/connectedhomeip/connectedhomeip/src/app/util/attribute-storage.h:52:42: warning: missing initializer for member 'EmberAfCluster::eventCount' [-Wmissing-field-initializers]
   52 | #define DECLARE_DYNAMIC_CLUSTER_LIST_END }
      |                                          ^
/home/hsw/esp/idf/esp-matter/connectedhomeip/connectedhomeip/examples/mymatter/esp32/main/main.cpp:188:38: note: in expansion of macro 'DECLARE_DYNAMIC_CLUSTER_LIST_END'
  188 |                             nullptr) DECLARE_DYNAMIC_CLUSTER_LIST_END;
      |                                      ^~~~~~~~~~~~~~~~~~~~~~~~~~~~~~~~
/home/hsw/esp/idf/esp-matter/connectedhomeip/connectedhomeip/src/app/util/attribute-storage.h:52:42: warning: missing initializer for member 'EmberAfCluster::eventList' [-Wmissing-field-initializers]
   52 | #define DECLARE_DYNAMIC_CLUSTER_LIST_END }
      |                                          ^
/home/hsw/esp/idf/esp-matter/connectedhomeip/connectedhomeip/examples/mymatter/esp32/main/main.cpp:188:38: note: in expansion of macro 'DECLARE_DYNAMIC_CLUSTER_LIST_END'
  188 |                             nullptr) DECLARE_DYNAMIC_CLUSTER_LIST_END;
      |                                      ^~~~~~~~~~~~~~~~~~~~~~~~~~~~~~~~
/home/hsw/esp/idf/esp-matter/connectedhomeip/connectedhomeip/src/app/util/attribute-storage.h:52:42: warning: missing initializer for member 'EmberAfCluster::eventCount' [-Wmissing-field-initializers]
   52 | #define DECLARE_DYNAMIC_CLUSTER_LIST_END }
      |                                          ^
/home/hsw/esp/idf/esp-matter/connectedhomeip/connectedhomeip/examples/mymatter/esp32/main/main.cpp:188:38: note: in expansion of macro 'DECLARE_DYNAMIC_CLUSTER_LIST_END'
  188 |                             nullptr) DECLARE_DYNAMIC_CLUSTER_LIST_END;
      |                                      ^~~~~~~~~~~~~~~~~~~~~~~~~~~~~~~~
/home/hsw/esp/idf/esp-matter/connectedhomeip/connectedhomeip/src/app/util/attribute-storage.h:52:42: warning: missing initializer for member 'EmberAfCluster::eventList' [-Wmissing-field-initializers]
   52 | #define DECLARE_DYNAMIC_CLUSTER_LIST_END }
      |                                          ^
/home/hsw/esp/idf/esp-matter/connectedhomeip/connectedhomeip/examples/mymatter/esp32/main/main.cpp:188:38: note: in expansion of macro 'DECLARE_DYNAMIC_CLUSTER_LIST_END'
  188 |                             nullptr) DECLARE_DYNAMIC_CLUSTER_LIST_END;
      |                                      ^~~~~~~~~~~~~~~~~~~~~~~~~~~~~~~~
/home/hsw/esp/idf/esp-matter/connectedhomeip/connectedhomeip/src/app/util/attribute-storage.h:52:42: warning: missing initializer for member 'EmberAfCluster::eventCount' [-Wmissing-field-initializers]
   52 | #define DECLARE_DYNAMIC_CLUSTER_LIST_END }
      |                                          ^
/home/hsw/esp/idf/esp-matter/connectedhomeip/connectedhomeip/examples/mymatter/esp32/main/main.cpp:188:38: note: in expansion of macro 'DECLARE_DYNAMIC_CLUSTER_LIST_END'
  188 |                             nullptr) DECLARE_DYNAMIC_CLUSTER_LIST_END;
      |                                      ^~~~~~~~~~~~~~~~~~~~~~~~~~~~~~~~
/home/hsw/esp/idf/esp-matter/connectedhomeip/connectedhomeip/examples/mymatter/esp32/main/main.cpp: In function 'chip::Protocols::InteractionModel::Status HandleReadOnOffAttribute(Device*, chip::AttributeId, uint8_t*, uint16_t)':
/home/hsw/esp/idf/esp-matter/connectedhomeip/connectedhomeip/examples/mymatter/esp32/main/main.cpp:309:66: error: 'Get' is not a member of 'chip::app::Clusters::OnOff::Attributes::OnOff'
  309 |         auto st = chip::app::Clusters::OnOff::Attributes::OnOff::Get(dev->GetEndpointId(), &on);
      |                                                                  ^~~
/home/hsw/esp/idf/esp-matter/connectedhomeip/connectedhomeip/examples/mymatter/esp32/main/main.cpp:309:66: note: maximum limit of 1000 namespaces searched for 'Get'
/home/hsw/esp/idf/esp-matter/connectedhomeip/connectedhomeip/examples/mymatter/esp32/main/main.cpp: In function 'chip::Protocols::InteractionModel::Status HandleWriteOnOffAttribute(Device*, chip::AttributeId, uint8_t*)':
/home/hsw/esp/idf/esp-matter/connectedhomeip/connectedhomeip/examples/mymatter/esp32/main/main.cpp:334:33: error: 'chip::app::Clusters::OnOff::OnOffServer' has not been declared
  334 |     chip::app::Clusters::OnOff::OnOffServer::Instance().setOnOffValue(
      |                                 ^~~~~~~~~~~
ninja: build stopped: subcommand failed.
ninja failed with exit code 1, output of the command is in the /home/hsw/esp/idf/esp-matter/connectedhomeip/connectedhomeip/examples/mymatter/esp32/build/log/idf_py_stderr_output_7906 and /home/hsw/esp/idf/esp-matter/connectedhomeip/connectedhomeip/examples/mymatter/esp32/build/log/idf_py_stdout_output_7906
hsw@ubuntu:~/esp/idf/esp-matter/connectedhomeip/connectedhomeip/examples/mymatter/esp32$ 